<?xml version="1.0" encoding="UTF-8"?>
<!-- Generated by org.testng.reporters.JUnitXMLReporter -->
<testsuite hostname="DESKTOP-KQUFIDC" ignored="1" name="HubSpot Feature Testing" tests="3" failures="0" timestamp="2020-07-15T14:23:29 EDT" time="15.408" errors="0">
  <testcase name="verifyHomePageHeaderTest" time="2.258" classname="com.qa.hubspot.tests.HomePageTest"/>
  <testcase name="verifyHomePageTitleTest" time="0.016" classname="com.qa.hubspot.tests.HomePageTest"/>
  <testcase name="verifyLoggedInUserTest" time="0.1" classname="com.qa.hubspot.tests.HomePageTest"/>
  <testcase name="verifyMeetingsToolsTest" time="0.0" classname="com.qa.hubspot.tests.HomePageTest">
    <ignored/>
  </testcase> <!-- verifyMeetingsToolsTest -->
</testsuite> <!-- HubSpot Feature Testing -->
