<?xml version="1.0" encoding="UTF-8"?>
<!-- Generated by org.testng.reporters.JUnitXMLReporter -->
<testsuite hostname="DESKTOP-KQUFIDC" ignored="0" name="HubSpot Feature" tests="2" failures="0" timestamp="06 Jul 2020 13:43:54 GMT" time="14.439" errors="0">
  <testcase name="verifyMeetingPageHeaderTest" time="0.24" classname="com.qa.hubspot.tests.MeetingPageTest"/>
  <testcase name="verifyMeetingPageTitleTest" time="0.008" classname="com.qa.hubspot.tests.MeetingPageTest"/>
</testsuite> <!-- HubSpot Feature -->
