<?xml version="1.0" encoding="UTF-8"?>
<!-- Generated by org.testng.reporters.JUnitXMLReporter -->
<testsuite hostname="DESKTOP-KQUFIDC" ignored="0" name="Surefire test" tests="3" failures="0" timestamp="17 Jul 2020 15:28:13 GMT" time="12.342" errors="0">
  <testcase name="verifySignUpLinkTest" time="4.541" classname="com.qa.hubspot.tests.LoginPageTest"/>
  <testcase name="verifyLoginPageTitleTest" time="0.045" classname="com.qa.hubspot.tests.LoginPageTest"/>
  <testcase name="verifyLoginTest" time="0.62" classname="com.qa.hubspot.tests.LoginPageTest"/>
</testsuite> <!-- Surefire test -->
