<?xml version="1.0" encoding="UTF-8"?>
<!-- Generated by org.testng.reporters.JUnitXMLReporter -->
<testsuite hostname="DESKTOP-KQUFIDC" ignored="0" name="Default test" tests="4" failures="0" timestamp="2020-07-15T11:40:43 EDT" time="16.491" errors="0">
  <testcase name="verifyHomePageHeaderTest" time="2.479" classname="com.qa.hubspot.tests.HomePageTest"/>
  <testcase name="verifyHomePageTitleTest" time="0.016" classname="com.qa.hubspot.tests.HomePageTest"/>
  <testcase name="verifyLoggedInUserTest" time="0.122" classname="com.qa.hubspot.tests.HomePageTest"/>
  <testcase name="verifyMeetingsToolsTest" time="2.035" classname="com.qa.hubspot.tests.HomePageTest"/>
</testsuite> <!-- Default test -->
