<?xml version="1.0" encoding="UTF-8"?>
<!-- Generated by org.testng.reporters.JUnitXMLReporter -->
<testsuite hostname="DESKTOP-KQUFIDC" ignored="5" name="Test" tests="6" failures="0" timestamp="2020-07-15T11:32:19 EDT" time="13.649" errors="0">
  <testcase name="@BeforeClass meetingChatPageSetUp" time="0.0" classname="com.qa.hubspot.tests.MeetingsChatPageTest">
    <failure type="java.lang.NullPointerException">
      <![CDATA[java.lang.NullPointerException
at com.qa.hubspot.tests.MeetingsChatPageTest.meetingChatPageSetUp(MeetingsChatPageTest.java:40)
at java.util.ArrayList.forEach(Unknown Source)
at java.util.concurrent.FutureTask.run(Unknown Source)
at java.util.concurrent.ThreadPoolExecutor.runWorker(Unknown Source)
at java.util.concurrent.ThreadPoolExecutor$Worker.run(Unknown Source)
at java.lang.Thread.run(Unknown Source)
... Removed 16 stack frames]]>
    </failure>
  </testcase> <!-- @BeforeClass meetingChatPageSetUp -->
  <testcase name="@BeforeClass meetingPageSetUp" time="0.0" classname="com.qa.hubspot.tests.MeetingPageTest">
    <failure type="java.lang.NullPointerException">
      <![CDATA[java.lang.NullPointerException
at com.qa.hubspot.tests.MeetingPageTest.meetingPageSetUp(MeetingPageTest.java:43)
at java.util.ArrayList.forEach(Unknown Source)
at java.util.concurrent.FutureTask.run(Unknown Source)
at java.util.concurrent.ThreadPoolExecutor.runWorker(Unknown Source)
at java.util.concurrent.ThreadPoolExecutor$Worker.run(Unknown Source)
at java.lang.Thread.run(Unknown Source)
... Removed 16 stack frames]]>
    </failure>
  </testcase> <!-- @BeforeClass meetingPageSetUp -->
  <testcase name="verifyGetTitleOFChatPageHeaderTest" time="0.0" classname="com.qa.hubspot.tests.MeetingsChatPageTest">
    <skipped/>
  </testcase> <!-- verifyGetTitleOFChatPageHeaderTest -->
  <testcase name="verifyMeetingPageTitleTest" time="0.0" classname="com.qa.hubspot.tests.MeetingPageTest">
    <skipped/>
  </testcase> <!-- verifyMeetingPageTitleTest -->
  <testcase name="verifySignUpLinkTest" time="4.369" classname="com.qa.hubspot.tests.LoginPageTest"/>
  <testcase name="verifyLoginPageTitleTest" time="0.059" classname="com.qa.hubspot.tests.LoginPageTest"/>
  <testcase name="verifyMeetingPageHeaderTest" time="0.0" classname="com.qa.hubspot.tests.MeetingPageTest">
    <skipped/>
  </testcase> <!-- verifyMeetingPageHeaderTest -->
  <testcase name="verifyLoginTest" time="0.745" classname="com.qa.hubspot.tests.LoginPageTest"/>
  <testcase name="@BeforeTest setUp" time="0.0" classname="com.qa.hubspot.base.BaseTest">
    <ignored/>
  </testcase> <!-- @BeforeTest setUp -->
  <testcase name="@BeforeTest setUp" time="0.0" classname="com.qa.hubspot.base.BaseTest">
    <ignored/>
  </testcase> <!-- @BeforeTest setUp -->
  <testcase name="verifyGetTitleOFChatPageTest" time="0.0" classname="com.qa.hubspot.tests.MeetingsChatPageTest">
    <ignored/>
  </testcase> <!-- verifyGetTitleOFChatPageTest -->
  <testcase name="@AfterTest tearDown" time="0.0" classname="com.qa.hubspot.base.BaseTest">
    <ignored/>
  </testcase> <!-- @AfterTest tearDown -->
  <testcase name="@AfterTest tearDown" time="0.0" classname="com.qa.hubspot.base.BaseTest">
    <ignored/>
  </testcase> <!-- @AfterTest tearDown -->
</testsuite> <!-- Test -->
