<?xml version="1.0" encoding="UTF-8"?>
<testng-results skipped="0" failed="0" ignored="0" total="3" passed="3">
  <reporter-output>
  </reporter-output>
  <suite name="Surefire suite" duration-ms="12342" started-at="2020-07-17T15:28:01Z" finished-at="2020-07-17T15:28:13Z">
    <groups>
    </groups>
    <test name="Surefire test" duration-ms="12342" started-at="2020-07-17T15:28:01Z" finished-at="2020-07-17T15:28:13Z">
      <class name="com.qa.hubspot.tests.LoginPageTest">
        <test-method status="PASS" signature="setUp()[pri:0, instance:com.qa.hubspot.tests.LoginPageTest@5be067de]" name="setUp" is-config="true" duration-ms="6055" started-at="2020-07-17T15:28:01Z" finished-at="2020-07-17T15:28:07Z">
          <reporter-output>
          </reporter-output>
        </test-method> <!-- setUp -->
        <test-method status="PASS" signature="verifySignUpLinkTest()[pri:1, instance:com.qa.hubspot.tests.LoginPageTest@5be067de]" name="verifySignUpLinkTest" duration-ms="4541" started-at="2020-07-17T15:28:07Z" finished-at="2020-07-17T15:28:11Z">
          <reporter-output>
          </reporter-output>
        </test-method> <!-- verifySignUpLinkTest -->
        <test-method status="PASS" signature="verifyLoginPageTitleTest()[pri:2, instance:com.qa.hubspot.tests.LoginPageTest@5be067de]" name="verifyLoginPageTitleTest" duration-ms="45" started-at="2020-07-17T15:28:11Z" finished-at="2020-07-17T15:28:12Z">
          <reporter-output>
          </reporter-output>
        </test-method> <!-- verifyLoginPageTitleTest -->
        <test-method status="PASS" signature="verifyLoginTest()[pri:3, instance:com.qa.hubspot.tests.LoginPageTest@5be067de]" name="verifyLoginTest" duration-ms="620" started-at="2020-07-17T15:28:12Z" finished-at="2020-07-17T15:28:12Z">
          <reporter-output>
          </reporter-output>
        </test-method> <!-- verifyLoginTest -->
        <test-method status="PASS" signature="tearDown()[pri:0, instance:com.qa.hubspot.tests.LoginPageTest@5be067de]" name="tearDown" is-config="true" duration-ms="818" started-at="2020-07-17T15:28:12Z" finished-at="2020-07-17T15:28:13Z">
          <reporter-output>
          </reporter-output>
        </test-method> <!-- tearDown -->
      </class> <!-- com.qa.hubspot.tests.LoginPageTest -->
    </test> <!-- Surefire test -->
  </suite> <!-- Surefire suite -->
</testng-results>
