<?xml version="1.0" encoding="UTF-8"?>
<!-- Generated by org.testng.reporters.JUnitXMLReporter -->
<testsuite hostname="DESKTOP-KQUFIDC" ignored="0" name="HubSpot Feature Testing - home " tests="4" failures="0" timestamp="2020-07-17T10:05:05 EDT" time="17.815" errors="0">
  <testcase name="verifyHomePageHeaderTest" time="2.221" classname="com.qa.hubspot.tests.HomePageTest"/>
  <testcase name="verifyHomePageTitleTest" time="0.0" classname="com.qa.hubspot.tests.HomePageTest"/>
  <testcase name="verifyLoggedInUserTest" time="0.123" classname="com.qa.hubspot.tests.HomePageTest"/>
  <testcase name="verifyMeetingsToolsTest" time="1.705" classname="com.qa.hubspot.tests.HomePageTest"/>
</testsuite> <!-- HubSpot Feature Testing - home  -->
