<?xml version="1.0" encoding="UTF-8"?>
<!-- Generated by org.testng.reporters.JUnitXMLReporter -->
<testsuite hostname="DESKTOP-KQUFIDC" ignored="0" name="HubSpot Feature Testing - login" tests="3" failures="0" timestamp="2020-07-17T10:05:02 EDT" time="14.304" errors="0">
  <testcase name="verifySignUpLinkTest" time="4.749" classname="com.qa.hubspot.tests.LoginPageTest"/>
  <testcase name="verifyLoginPageTitleTest" time="0.03" classname="com.qa.hubspot.tests.LoginPageTest"/>
  <testcase name="verifyLoginTest" time="1.069" classname="com.qa.hubspot.tests.LoginPageTest"/>
</testsuite> <!-- HubSpot Feature Testing - login -->
