<?xml version="1.0" encoding="UTF-8"?>
<!-- Generated by org.testng.reporters.JUnitXMLReporter -->
<testsuite hostname="DESKTOP-KQUFIDC" ignored="0" name="HubSpot Feature Testing -chrome" tests="4" failures="0" timestamp="2020-07-25T18:33:04 EDT" time="864.287" errors="0">
  <testcase name="verifyHomePageHeaderTest" time="2.918" classname="com.qa.hubspot.tests.HomePageTest"/>
  <testcase name="verifyHomePageTitleTest" time="0.03" classname="com.qa.hubspot.tests.HomePageTest"/>
  <testcase name="verifyLoggedInUserTest" time="0.093" classname="com.qa.hubspot.tests.HomePageTest"/>
  <testcase name="verifyMeetingsToolsTest" time="1.057" classname="com.qa.hubspot.tests.HomePageTest"/>
</testsuite> <!-- HubSpot Feature Testing -chrome -->
