<?xml version="1.0" encoding="UTF-8"?>
<!-- Generated by org.testng.reporters.JUnitXMLReporter -->
<testsuite hostname="DESKTOP-KQUFIDC" ignored="0" name="HubSpot Feature Testing" tests="3" failures="0" timestamp="2020-07-16T10:48:02 EDT" time="13.569" errors="0">
  <testcase name="verifySignUpLinkTest" time="4.822" classname="com.qa.hubspot.tests.LoginPageTest"/>
  <testcase name="verifyLoginPageTitleTest" time="0.017" classname="com.qa.hubspot.tests.LoginPageTest"/>
  <testcase name="verifyLoginTest" time="0.985" classname="com.qa.hubspot.tests.LoginPageTest"/>
</testsuite> <!-- HubSpot Feature Testing -->
