<?xml version="1.0" encoding="UTF-8"?>
<testng-results skipped="0" failed="0" ignored="0" total="7" passed="7">
  <reporter-output>
  </reporter-output>
  <suite name="Hub spot Test automtion regression suite" duration-ms="17815" started-at="2020-07-17T10:04:48 EDT" finished-at="2020-07-17T10:05:05 EDT">
    <groups>
    </groups>
    <test name="HubSpot Feature Testing - login" duration-ms="14304" started-at="2020-07-17T10:04:48 EDT" finished-at="2020-07-17T10:05:02 EDT">
      <class name="com.qa.hubspot.tests.LoginPageTest">
        <test-method status="PASS" signature="setUp()[pri:0, instance:com.qa.hubspot.tests.LoginPageTest@200a26bc]" name="setUp" is-config="true" duration-ms="7024" started-at="2020-07-17T10:04:48 EDT" finished-at="2020-07-17T10:04:55 EDT">
          <reporter-output>
          </reporter-output>
        </test-method> <!-- setUp -->
        <test-method status="PASS" signature="verifySignUpLinkTest()[pri:1, instance:com.qa.hubspot.tests.LoginPageTest@200a26bc]" name="verifySignUpLinkTest" duration-ms="4749" started-at="2020-07-17T10:04:55 EDT" finished-at="2020-07-17T10:04:59 EDT">
          <reporter-output>
          </reporter-output>
        </test-method> <!-- verifySignUpLinkTest -->
        <test-method status="PASS" signature="verifyLoginPageTitleTest()[pri:2, instance:com.qa.hubspot.tests.LoginPageTest@200a26bc]" name="verifyLoginPageTitleTest" duration-ms="30" started-at="2020-07-17T10:05:00 EDT" finished-at="2020-07-17T10:05:00 EDT">
          <reporter-output>
          </reporter-output>
        </test-method> <!-- verifyLoginPageTitleTest -->
        <test-method status="PASS" signature="verifyLoginTest()[pri:3, instance:com.qa.hubspot.tests.LoginPageTest@200a26bc]" name="verifyLoginTest" duration-ms="1069" started-at="2020-07-17T10:05:00 EDT" finished-at="2020-07-17T10:05:01 EDT">
          <reporter-output>
          </reporter-output>
        </test-method> <!-- verifyLoginTest -->
        <test-method status="PASS" signature="tearDown()[pri:0, instance:com.qa.hubspot.tests.LoginPageTest@200a26bc]" name="tearDown" is-config="true" duration-ms="992" started-at="2020-07-17T10:05:01 EDT" finished-at="2020-07-17T10:05:02 EDT">
          <reporter-output>
          </reporter-output>
        </test-method> <!-- tearDown -->
      </class> <!-- com.qa.hubspot.tests.LoginPageTest -->
    </test> <!-- HubSpot Feature Testing - login -->
    <test name="HubSpot Feature Testing - home " duration-ms="17815" started-at="2020-07-17T10:04:48 EDT" finished-at="2020-07-17T10:05:05 EDT">
      <class name="com.qa.hubspot.tests.HomePageTest">
        <test-method status="PASS" signature="setUp()[pri:0, instance:com.qa.hubspot.tests.HomePageTest@24f43aa3]" name="setUp" is-config="true" duration-ms="6986" started-at="2020-07-17T10:04:48 EDT" finished-at="2020-07-17T10:04:55 EDT">
          <reporter-output>
          </reporter-output>
        </test-method> <!-- setUp -->
        <test-method status="PASS" signature="homePageSetUp()[pri:0, instance:com.qa.hubspot.tests.HomePageTest@24f43aa3]" name="homePageSetUp" is-config="true" duration-ms="5798" started-at="2020-07-17T10:04:55 EDT" finished-at="2020-07-17T10:05:00 EDT">
          <reporter-output>
          </reporter-output>
        </test-method> <!-- homePageSetUp -->
        <test-method status="PASS" signature="verifyHomePageHeaderTest()[pri:1, instance:com.qa.hubspot.tests.HomePageTest@24f43aa3]" name="verifyHomePageHeaderTest" duration-ms="2221" started-at="2020-07-17T10:05:00 EDT" finished-at="2020-07-17T10:05:03 EDT">
          <reporter-output>
          </reporter-output>
        </test-method> <!-- verifyHomePageHeaderTest -->
        <test-method status="PASS" signature="verifyHomePageTitleTest()[pri:2, instance:com.qa.hubspot.tests.HomePageTest@24f43aa3]" name="verifyHomePageTitleTest" duration-ms="0" started-at="2020-07-17T10:05:03 EDT" finished-at="2020-07-17T10:05:03 EDT">
          <reporter-output>
          </reporter-output>
        </test-method> <!-- verifyHomePageTitleTest -->
        <test-method status="PASS" signature="verifyLoggedInUserTest()[pri:3, instance:com.qa.hubspot.tests.HomePageTest@24f43aa3]" name="verifyLoggedInUserTest" duration-ms="123" started-at="2020-07-17T10:05:03 EDT" finished-at="2020-07-17T10:05:03 EDT">
          <reporter-output>
          </reporter-output>
        </test-method> <!-- verifyLoggedInUserTest -->
        <test-method status="PASS" signature="verifyMeetingsToolsTest()[pri:4, instance:com.qa.hubspot.tests.HomePageTest@24f43aa3]" name="verifyMeetingsToolsTest" duration-ms="1705" started-at="2020-07-17T10:05:03 EDT" finished-at="2020-07-17T10:05:05 EDT">
          <reporter-output>
          </reporter-output>
        </test-method> <!-- verifyMeetingsToolsTest -->
        <test-method status="PASS" signature="tearDown()[pri:0, instance:com.qa.hubspot.tests.HomePageTest@24f43aa3]" name="tearDown" is-config="true" duration-ms="887" started-at="2020-07-17T10:05:05 EDT" finished-at="2020-07-17T10:05:05 EDT">
          <reporter-output>
          </reporter-output>
        </test-method> <!-- tearDown -->
      </class> <!-- com.qa.hubspot.tests.HomePageTest -->
    </test> <!-- HubSpot Feature Testing - home  -->
  </suite> <!-- Hub spot Test automtion regression suite -->
</testng-results>
